<?xml version="1.0" encoding="UTF-8"?>
<!-- Generated by org.testng.reporters.JUnitReportReporter -->
<testsuite hostname="Amir-PC" name="com.amir.demo.SynonymServiceImplTest" tests="1" failures="0" timestamp="2 Nov 2019 22:48:13 GMT" time="0.859" errors="0">
  <testcase name="save" time="0.859" classname="com.amir.demo.SynonymServiceImplTest"/>
</testsuite> <!-- com.amir.demo.SynonymServiceImplTest -->
